[debug] [2023-01-24T18:14:16.952Z] ----------------------------------------------------------------------
[debug] [2023-01-24T18:14:16.954Z] Command:       /Users/shery/.nvm/versions/node/v18.13.0/bin/node /Users/shery/.nvm/versions/node/v18.13.0/bin/firebase init
[debug] [2023-01-24T18:14:16.955Z] CLI Version:   11.21.0
[debug] [2023-01-24T18:14:16.955Z] Platform:      darwin
[debug] [2023-01-24T18:14:16.955Z] Node Version:  v18.13.0
[debug] [2023-01-24T18:14:16.956Z] Time:          Tue Jan 24 2023 23:14:16 GMT+0500 (Pakistan Standard Time)
[debug] [2023-01-24T18:14:16.957Z] ----------------------------------------------------------------------
[debug] 
[debug] [2023-01-24T18:14:16.963Z] > command requires scopes: ["email","openid","https://www.googleapis.com/auth/cloudplatformprojects.readonly","https://www.googleapis.com/auth/firebase","https://www.googleapis.com/auth/cloud-platform"]
[debug] [2023-01-24T18:14:16.963Z] > authorizing via signed-in user (sherjan909@gmail.com)
[info] 
     ######## #### ########  ######## ########     ###     ######  ########
     ##        ##  ##     ## ##       ##     ##  ##   ##  ##       ##
     ######    ##  ########  ######   ########  #########  ######  ######
     ##        ##  ##    ##  ##       ##     ## ##     ##       ## ##
     ##       #### ##     ## ######## ########  ##     ##  ######  ########

You're about to initialize a Firebase project in this directory:

  /Users/shery/StackUp/ReactApp

[info] 
=== Project Setup
[info] 
[info] First, let's associate this project directory with a Firebase project.
[info] You can create multiple project aliases by running firebase use --add, 
[info] but for now we'll just set up a default project.
[info] 
[info] i  If you want to create a project in a Google Cloud organization or folder, please use "firebase projects:create" instead, and return to this command when you've created the project. 
[debug] [2023-01-24T18:14:39.919Z] >>> [apiv2][query] POST https://cloudresourcemanager.googleapis.com/v1/projects [none]
[debug] [2023-01-24T18:14:39.919Z] >>> [apiv2][body] POST https://cloudresourcemanager.googleapis.com/v1/projects {"projectId":"shery808-blogapp","name":"shery808-blogapp"}
[debug] [2023-01-24T18:14:41.843Z] <<< [apiv2][status] POST https://cloudresourcemanager.googleapis.com/v1/projects 200
[debug] [2023-01-24T18:14:41.844Z] <<< [apiv2][body] POST https://cloudresourcemanager.googleapis.com/v1/projects {"name":"operations/cp.9105638668365630018"}
[debug] [2023-01-24T18:14:41.845Z] >>> [apiv2][query] GET https://cloudresourcemanager.googleapis.com/v1/operations/cp.9105638668365630018 [none]
[debug] [2023-01-24T18:14:43.477Z] <<< [apiv2][status] GET https://cloudresourcemanager.googleapis.com/v1/operations/cp.9105638668365630018 200
[debug] [2023-01-24T18:14:43.477Z] <<< [apiv2][body] GET https://cloudresourcemanager.googleapis.com/v1/operations/cp.9105638668365630018 {"name":"operations/cp.9105638668365630018"}
[debug] [2023-01-24T18:14:43.979Z] [Project Creation Poller] Retrying task index 0
[debug] [2023-01-24T18:14:43.979Z] >>> [apiv2][query] GET https://cloudresourcemanager.googleapis.com/v1/operations/cp.9105638668365630018 [none]
[debug] [2023-01-24T18:14:45.623Z] <<< [apiv2][status] GET https://cloudresourcemanager.googleapis.com/v1/operations/cp.9105638668365630018 200
[debug] [2023-01-24T18:14:45.623Z] <<< [apiv2][body] GET https://cloudresourcemanager.googleapis.com/v1/operations/cp.9105638668365630018 {"name":"operations/cp.9105638668365630018","metadata":{"@type":"type.googleapis.com/google.cloudresourcemanager.v1.ProjectCreationStatus","gettable":true,"ready":true},"done":true,"response":{"@type":"type.googleapis.com/google.cloudresourcemanager.v1.Project","projectNumber":"935097653864","projectId":"shery808-blogapp","lifecycleState":"ACTIVE","name":"shery808-blogapp","createTime":"2023-01-24T18:14:45.972Z"}}
[debug] [2023-01-24T18:14:45.625Z] >>> [apiv2][query] POST https://firebase.googleapis.com/v1beta1/projects/shery808-blogapp:addFirebase [none]
[debug] [2023-01-24T18:14:49.414Z] <<< [apiv2][status] POST https://firebase.googleapis.com/v1beta1/projects/shery808-blogapp:addFirebase 200
[debug] [2023-01-24T18:14:49.414Z] <<< [apiv2][body] POST https://firebase.googleapis.com/v1beta1/projects/shery808-blogapp:addFirebase {"name":"operations/workflows/MTQ0ZWQ3MGEtMGNkYy00ZWQ4LWFjMjQtMzE5MDEwNzhmN2E2"}
[debug] [2023-01-24T18:14:49.414Z] >>> [apiv2][query] GET https://firebase.googleapis.com/v1beta1/operations/workflows/MTQ0ZWQ3MGEtMGNkYy00ZWQ4LWFjMjQtMzE5MDEwNzhmN2E2 [none]
[debug] [2023-01-24T18:14:50.419Z] <<< [apiv2][status] GET https://firebase.googleapis.com/v1beta1/operations/workflows/MTQ0ZWQ3MGEtMGNkYy00ZWQ4LWFjMjQtMzE5MDEwNzhmN2E2 200
[debug] [2023-01-24T18:14:50.420Z] <<< [apiv2][body] GET https://firebase.googleapis.com/v1beta1/operations/workflows/MTQ0ZWQ3MGEtMGNkYy00ZWQ4LWFjMjQtMzE5MDEwNzhmN2E2 {"name":"operations/workflows/MTQ0ZWQ3MGEtMGNkYy00ZWQ4LWFjMjQtMzE5MDEwNzhmN2E2"}
[debug] [2023-01-24T18:14:50.921Z] [Add Firebase Poller] Retrying task index 0
[debug] [2023-01-24T18:14:50.922Z] >>> [apiv2][query] GET https://firebase.googleapis.com/v1beta1/operations/workflows/MTQ0ZWQ3MGEtMGNkYy00ZWQ4LWFjMjQtMzE5MDEwNzhmN2E2 [none]
[debug] [2023-01-24T18:14:52.074Z] <<< [apiv2][status] GET https://firebase.googleapis.com/v1beta1/operations/workflows/MTQ0ZWQ3MGEtMGNkYy00ZWQ4LWFjMjQtMzE5MDEwNzhmN2E2 200
[debug] [2023-01-24T18:14:52.074Z] <<< [apiv2][body] GET https://firebase.googleapis.com/v1beta1/operations/workflows/MTQ0ZWQ3MGEtMGNkYy00ZWQ4LWFjMjQtMzE5MDEwNzhmN2E2 {"name":"operations/workflows/MTQ0ZWQ3MGEtMGNkYy00ZWQ4LWFjMjQtMzE5MDEwNzhmN2E2"}
[debug] [2023-01-24T18:14:53.076Z] [Add Firebase Poller] Retrying task index 0
[debug] [2023-01-24T18:14:53.076Z] >>> [apiv2][query] GET https://firebase.googleapis.com/v1beta1/operations/workflows/MTQ0ZWQ3MGEtMGNkYy00ZWQ4LWFjMjQtMzE5MDEwNzhmN2E2 [none]
